0 info it worked if it ends with ok
1 verbose cli [ '/usr/local/bin/node', '/usr/local/bin/npm', 'run', 'dropdb' ]
2 info using npm@3.10.9
3 info using node@v7.2.0
4 verbose run-script [ 'predropdb', 'dropdb', 'postdropdb' ]
5 info lifecycle server@1.0.0~predropdb: server@1.0.0
6 silly lifecycle server@1.0.0~predropdb: no script for predropdb, continuing
7 info lifecycle server@1.0.0~dropdb: server@1.0.0
8 verbose lifecycle server@1.0.0~dropdb: unsafe-perm in lifecycle true
9 verbose lifecycle server@1.0.0~dropdb: PATH: /usr/local/lib/node_modules/npm/bin/node-gyp-bin:/Users/efesurekli/Desktop/WebDev17Hackathon/Enhance/server/node_modules/.bin:/bin:/sbin:/usr/bin:/usr/local/sbin:/usr/local/bin:/usr/local/bin:/usr/bin:/bin:/usr/sbin:/sbin
10 verbose lifecycle server@1.0.0~dropdb: CWD: /Users/efesurekli/Desktop/WebDev17Hackathon/Enhance/server
11 silly lifecycle server@1.0.0~dropdb: Args: [ '-c', 'psql -c drop enhance' ]
12 silly lifecycle server@1.0.0~dropdb: Returned: code: 1  signal: null
13 info lifecycle server@1.0.0~dropdb: Failed to exec dropdb script
14 verbose stack Error: server@1.0.0 dropdb: `psql -c drop enhance`
14 verbose stack Exit status 1
14 verbose stack     at EventEmitter.<anonymous> (/usr/local/lib/node_modules/npm/lib/utils/lifecycle.js:255:16)
14 verbose stack     at emitTwo (events.js:106:13)
14 verbose stack     at EventEmitter.emit (events.js:191:7)
14 verbose stack     at ChildProcess.<anonymous> (/usr/local/lib/node_modules/npm/lib/utils/spawn.js:40:14)
14 verbose stack     at emitTwo (events.js:106:13)
14 verbose stack     at ChildProcess.emit (events.js:191:7)
14 verbose stack     at maybeClose (internal/child_process.js:885:16)
14 verbose stack     at Process.ChildProcess._handle.onexit (internal/child_process.js:226:5)
15 verbose pkgid server@1.0.0
16 verbose cwd /Users/efesurekli/Desktop/WebDev17Hackathon/Enhance/server
17 error Darwin 15.6.0
18 error argv "/usr/local/bin/node" "/usr/local/bin/npm" "run" "dropdb"
19 error node v7.2.0
20 error npm  v3.10.9
21 error code ELIFECYCLE
22 error server@1.0.0 dropdb: `psql -c drop enhance`
22 error Exit status 1
23 error Failed at the server@1.0.0 dropdb script 'psql -c drop enhance'.
23 error Make sure you have the latest version of node.js and npm installed.
23 error If you do, this is most likely a problem with the server package,
23 error not with npm itself.
23 error Tell the author that this fails on your system:
23 error     psql -c drop enhance
23 error You can get information on how to open an issue for this project with:
23 error     npm bugs server
23 error Or if that isn't available, you can get their info via:
23 error     npm owner ls server
23 error There is likely additional logging output above.
24 verbose exit [ 1, true ]
